<?xml version="1.0" encoding="UTF-8"?>
<testsuite name="hello.GreetingControllerTests" tests="2" skipped="0" failures="0" errors="0" timestamp="2018-02-18T01:13:42" hostname="ShafaNAS-PC" time="0.236">
  <properties/>
  <testcase name="noParamGreetingShouldReturnDefaultMessage" classname="hello.GreetingControllerTests" time="0.223"/>
  <testcase name="paramGreetingShouldReturnTailoredMessage" classname="hello.GreetingControllerTests" time="0.011"/>
  <system-out><![CDATA[20:13:39.057 [Test worker] DEBUG org.springframework.test.context.junit4.SpringJUnit4ClassRunner - SpringJUnit4ClassRunner constructor called with [class hello.GreetingControllerTests]
20:13:39.074 [Test worker] DEBUG org.springframework.test.context.BootstrapUtils - Instantiating CacheAwareContextLoaderDelegate from class [org.springframework.test.context.cache.DefaultCacheAwareContextLoaderDelegate]
20:13:39.082 [Test worker] DEBUG org.springframework.test.context.BootstrapUtils - Instantiating BootstrapContext using constructor [public org.springframework.test.context.support.DefaultBootstrapContext(java.lang.Class,org.springframework.test.context.CacheAwareContextLoaderDelegate)]
20:13:39.103 [Test worker] DEBUG org.springframework.test.context.BootstrapUtils - Instantiating TestContextBootstrapper for test class [hello.GreetingControllerTests] from class [org.springframework.boot.test.context.SpringBootTestContextBootstrapper]
20:13:39.116 [Test worker] INFO org.springframework.boot.test.context.SpringBootTestContextBootstrapper - Neither @ContextConfiguration nor @ContextHierarchy found for test class [hello.GreetingControllerTests], using SpringBootContextLoader
20:13:39.121 [Test worker] DEBUG org.springframework.test.context.support.AbstractContextLoader - Did not detect default resource location for test class [hello.GreetingControllerTests]: class path resource [hello/GreetingControllerTests-context.xml] does not exist
20:13:39.122 [Test worker] DEBUG org.springframework.test.context.support.AbstractContextLoader - Did not detect default resource location for test class [hello.GreetingControllerTests]: class path resource [hello/GreetingControllerTestsContext.groovy] does not exist
20:13:39.122 [Test worker] INFO org.springframework.test.context.support.AbstractContextLoader - Could not detect default resource locations for test class [hello.GreetingControllerTests]: no resource found for suffixes {-context.xml, Context.groovy}.
20:13:39.123 [Test worker] INFO org.springframework.test.context.support.AnnotationConfigContextLoaderUtils - Could not detect default configuration classes for test class [hello.GreetingControllerTests]: GreetingControllerTests does not declare any static, non-private, non-final, nested classes annotated with @Configuration.
20:13:39.186 [Test worker] DEBUG org.springframework.test.context.support.ActiveProfilesUtils - Could not find an 'annotation declaring class' for annotation type [org.springframework.test.context.ActiveProfiles] and class [hello.GreetingControllerTests]
20:13:39.195 [Test worker] DEBUG org.springframework.core.env.StandardEnvironment - Adding PropertySource 'systemProperties' with lowest search precedence
20:13:39.195 [Test worker] DEBUG org.springframework.core.env.StandardEnvironment - Adding PropertySource 'systemEnvironment' with lowest search precedence
20:13:39.195 [Test worker] DEBUG org.springframework.core.env.StandardEnvironment - Initialized StandardEnvironment with PropertySources [MapPropertySource@1899808483 {name='systemProperties', properties={sun.desktop=windows, awt.toolkit=sun.awt.windows.WToolkit, java.specification.version=9, file.encoding.pkg=sun.io, sun.cpu.isalist=amd64, sun.jnu.encoding=Cp1252, org.gradle.test.worker=2, java.class.path=C:\\Users\\ShafaNAS\\.gradle\\caches\\4.5.1\\workerMain\\gradle-worker.jar;J:\\gs-rest-service\\complete\\build\\classes\\java\\test;J:\\gs-rest-service\\complete\\build\\resources\\test;J:\\gs-rest-service\\complete\\build\\classes\\java\\main;J:\\gs-rest-service\\complete\\build\\resources\\main;C:\\Users\\ShafaNAS\\.gradle\\caches\\modules-2\\files-2.1\\org.springframework.boot\\spring-boot-starter-web\\1.5.10.RELEASE\\8bc445f3ee81e5322e46b28cbb33bca1800b69d9\\spring-boot-starter-web-1.5.10.RELEASE.jar;C:\\Users\\ShafaNAS\\.gradle\\caches\\modules-2\\files-2.1\\org.springframework.boot\\spring-boot-starter-tomcat\\1.5.10.RELEASE\\11e474e265f1c68fc435dddbac42ab3574b5e4b6\\spring-boot-starter-tomcat-1.5.10.RELEASE.jar;C:\\Users\\ShafaNAS\\.gradle\\caches\\modules-2\\files-2.1\\org.springframework.boot\\spring-boot-starter-test\\1.5.10.RELEASE\\d4e1be51061d71b55f4bd4458d8437d1b943a70\\spring-boot-starter-test-1.5.10.RELEASE.jar;C:\\Users\\ShafaNAS\\.gradle\\caches\\modules-2\\files-2.1\\com.jayway.jsonpath\\json-path\\2.2.0\\22290d17944bd239fabf5ac69005a60a7ecbbbcb\\json-path-2.2.0.jar;C:\\Users\\ShafaNAS\\.gradle\\caches\\modules-2\\files-2.1\\org.springframework.boot\\spring-boot-starter\\1.5.10.RELEASE\\d935ac98f84c1d97d7ccd702d21abdc236fa7aa0\\spring-boot-starter-1.5.10.RELEASE.jar;C:\\Users\\ShafaNAS\\.gradle\\caches\\modules-2\\files-2.1\\org.hibernate\\hibernate-validator\\5.3.6.Final\\4c730be8bf55a8e9a61e79a2f2c079abf48b718\\hibernate-validator-5.3.6.Final.jar;C:\\Users\\ShafaNAS\\.gradle\\caches\\modules-2\\files-2.1\\com.fasterxml.jackson.core\\jackson-databind\\2.8.10\\f7b83cb2bc4b88d53961e749e1ad32f49ef017b7\\jackson-databind-2.8.10.jar;C:\\Users\\ShafaNAS\\.gradle\\caches\\modules-2\\files-2.1\\org.springframework\\spring-webmvc\\4.3.14.RELEASE\\1571eab8a807005d424ca16fedd54b1f439787b2\\spring-webmvc-4.3.14.RELEASE.jar;C:\\Users\\ShafaNAS\\.gradle\\caches\\modules-2\\files-2.1\\org.springframework\\spring-web\\4.3.14.RELEASE\\a0c3bf3ad661db185675bd5af350f35ed11f0903\\spring-web-4.3.14.RELEASE.jar;C:\\Users\\ShafaNAS\\.gradle\\caches\\modules-2\\files-2.1\\org.apache.tomcat.embed\\tomcat-embed-websocket\\8.5.27\\3cba1c5187a17b0233de5712024d6e144036ba9a\\tomcat-embed-websocket-8.5.27.jar;C:\\Users\\ShafaNAS\\.gradle\\caches\\modules-2\\files-2.1\\org.apache.tomcat.embed\\tomcat-embed-core\\8.5.27\\a10612f0af27c7bfcc4e8d88393adad1fc5b4ece\\tomcat-embed-core-8.5.27.jar;C:\\Users\\ShafaNAS\\.gradle\\caches\\modules-2\\files-2.1\\org.apache.tomcat.embed\\tomcat-embed-el\\8.5.27\\5a591bcf5c930d2b37bb40c0f95180604a3b1a57\\tomcat-embed-el-8.5.27.jar;C:\\Users\\ShafaNAS\\.gradle\\caches\\modules-2\\files-2.1\\org.springframework.boot\\spring-boot-test-autoconfigure\\1.5.10.RELEASE\\55242f7c194fb141de8460a92e92b716469fc3a8\\spring-boot-test-autoconfigure-1.5.10.RELEASE.jar;C:\\Users\\ShafaNAS\\.gradle\\caches\\modules-2\\files-2.1\\org.springframework.boot\\spring-boot-test\\1.5.10.RELEASE\\b7f28e8896906f0bbbb951727a7c5581c562d1c9\\spring-boot-test-1.5.10.RELEASE.jar;C:\\Users\\ShafaNAS\\.gradle\\caches\\modules-2\\files-2.1\\junit\\junit\\4.12\\2973d150c0dc1fefe998f834810d68f278ea58ec\\junit-4.12.jar;C:\\Users\\ShafaNAS\\.gradle\\caches\\modules-2\\files-2.1\\org.assertj\\assertj-core\\2.6.0\\b532c3fc4f66bcfee4989a3514f1cd56203a33ad\\assertj-core-2.6.0.jar;C:\\Users\\ShafaNAS\\.gradle\\caches\\modules-2\\files-2.1\\org.mockito\\mockito-core\\1.10.19\\e8546f5bef4e061d8dd73895b4e8f40e3fe6effe\\mockito-core-1.10.19.jar;C:\\Users\\ShafaNAS\\.gradle\\caches\\modules-2\\files-2.1\\org.hamcrest\\hamcrest-library\\1.3\\4785a3c21320980282f9f33d0d1264a69040538f\\hamcrest-library-1.3.jar;C:\\Users\\ShafaNAS\\.gradle\\caches\\modules-2\\files-2.1\\org.hamcrest\\hamcrest-core\\1.3\\42a25dc3219429f0e5d060061f71acb49bf010a0\\hamcrest-core-1.3.jar;C:\\Users\\ShafaNAS\\.gradle\\caches\\modules-2\\files-2.1\\org.skyscreamer\\jsonassert\\1.4.0\\9cdbb373a06f6513e51e8c545ee6a5e981463edb\\jsonassert-1.4.0.jar;C:\\Users\\ShafaNAS\\.gradle\\caches\\modules-2\\files-2.1\\org.springframework\\spring-test\\4.3.14.RELEASE\\1a7f6f51a263a3e09e94403653348b3864412c53\\spring-test-4.3.14.RELEASE.jar;C:\\Users\\ShafaNAS\\.gradle\\caches\\modules-2\\files-2.1\\org.springframework.boot\\spring-boot-autoconfigure\\1.5.10.RELEASE\\be96efab0d35181f18c486b0ec8d6a41a7042fce\\spring-boot-autoconfigure-1.5.10.RELEASE.jar;C:\\Users\\ShafaNAS\\.gradle\\caches\\modules-2\\files-2.1\\org.springframework.boot\\spring-boot\\1.5.10.RELEASE\\594b3efa04829f62754a19f59f81ba204636167a\\spring-boot-1.5.10.RELEASE.jar;C:\\Users\\ShafaNAS\\.gradle\\caches\\modules-2\\files-2.1\\org.springframework\\spring-context\\4.3.14.RELEASE\\e50a712960926c30e537ef4a633f5d9dd5a8b155\\spring-context-4.3.14.RELEASE.jar;C:\\Users\\ShafaNAS\\.gradle\\caches\\modules-2\\files-2.1\\org.springframework\\spring-aop\\4.3.14.RELEASE\\dfe55b0592aead8e3eb0e6a4e98db433b9e09bd7\\spring-aop-4.3.14.RELEASE.jar;C:\\Users\\ShafaNAS\\.gradle\\caches\\modules-2\\files-2.1\\org.springframework\\spring-beans\\4.3.14.RELEASE\\7bcd17a68dd64e9447d7bff2c42ba7417678596e\\spring-beans-4.3.14.RELEASE.jar;C:\\Users\\ShafaNAS\\.gradle\\caches\\modules-2\\files-2.1\\org.springframework\\spring-expression\\4.3.14.RELEASE\\58477b44debcb49b09e962e3047ee74c2c033e89\\spring-expression-4.3.14.RELEASE.jar;C:\\Users\\ShafaNAS\\.gradle\\caches\\modules-2\\files-2.1\\org.springframework\\spring-core\\4.3.14.RELEASE\\c70ddb6204457a802d1f6882d65bca3e5b3c41df\\spring-core-4.3.14.RELEASE.jar;C:\\Users\\ShafaNAS\\.gradle\\caches\\modules-2\\files-2.1\\net.minidev\\json-smart\\2.2.1\\5b9e5df7a62d1279b70dc882b041d249c4f0b002\\json-smart-2.2.1.jar;C:\\Users\\ShafaNAS\\.gradle\\caches\\modules-2\\files-2.1\\org.springframework.boot\\spring-boot-starter-logging\\1.5.10.RELEASE\\62c73688208b3173645d6701fc3eb95ca657e6c8\\spring-boot-starter-logging-1.5.10.RELEASE.jar;C:\\Users\\ShafaNAS\\.gradle\\caches\\modules-2\\files-2.1\\ch.qos.logback\\logback-classic\\1.1.11\\ccedfbacef4a6515d2983e3f89ed753d5d4fb665\\logback-classic-1.1.11.jar;C:\\Users\\ShafaNAS\\.gradle\\caches\\modules-2\\files-2.1\\org.slf4j\\jcl-over-slf4j\\1.7.25\\f8c32b13ff142a513eeb5b6330b1588dcb2c0461\\jcl-over-slf4j-1.7.25.jar;C:\\Users\\ShafaNAS\\.gradle\\caches\\modules-2\\files-2.1\\org.slf4j\\jul-to-slf4j\\1.7.25\\af5364cd6679bfffb114f0dec8a157aaa283b76\\jul-to-slf4j-1.7.25.jar;C:\\Users\\ShafaNAS\\.gradle\\caches\\modules-2\\files-2.1\\org.slf4j\\log4j-over-slf4j\\1.7.25\\a87bb47468f47ee7aabbd54f93e133d4215769c3\\log4j-over-slf4j-1.7.25.jar;C:\\Users\\ShafaNAS\\.gradle\\caches\\modules-2\\files-2.1\\org.slf4j\\slf4j-api\\1.7.25\\da76ca59f6a57ee3102f8f9bd9cee742973efa8a\\slf4j-api-1.7.25.jar;C:\\Users\\ShafaNAS\\.gradle\\caches\\modules-2\\files-2.1\\org.yaml\\snakeyaml\\1.17\\7a27ea250c5130b2922b86dea63cbb1cc10a660c\\snakeyaml-1.17.jar;C:\\Users\\ShafaNAS\\.gradle\\caches\\modules-2\\files-2.1\\javax.validation\\validation-api\\1.1.0.Final\\8613ae82954779d518631e05daa73a6a954817d5\\validation-api-1.1.0.Final.jar;C:\\Users\\ShafaNAS\\.gradle\\caches\\modules-2\\files-2.1\\org.jboss.logging\\jboss-logging\\3.3.1.Final\\c46217ab74b532568c0ed31dc599db3048bd1b67\\jboss-logging-3.3.1.Final.jar;C:\\Users\\ShafaNAS\\.gradle\\caches\\modules-2\\files-2.1\\com.fasterxml\\classmate\\1.3.4\\3d5f48f10bbe4eb7bd862f10c0583be2e0053c6\\classmate-1.3.4.jar;C:\\Users\\ShafaNAS\\.gradle\\caches\\modules-2\\files-2.1\\com.fasterxml.jackson.core\\jackson-annotations\\2.8.0\\45b426f7796b741035581a176744d91090e2e6fb\\jackson-annotations-2.8.0.jar;C:\\Users\\ShafaNAS\\.gradle\\caches\\modules-2\\files-2.1\\com.fasterxml.jackson.core\\jackson-core\\2.8.10\\eb21a035c66ad307e66ec8fce37f5d50fd62d039\\jackson-core-2.8.10.jar;C:\\Users\\ShafaNAS\\.gradle\\caches\\modules-2\\files-2.1\\org.apache.tomcat\\tomcat-annotations-api\\8.5.27\\122c0a4acaba72bf4590e83c9fbcb3475c46edc5\\tomcat-annotations-api-8.5.27.jar;C:\\Users\\ShafaNAS\\.gradle\\caches\\modules-2\\files-2.1\\org.objenesis\\objenesis\\2.1\\87c0ea803b69252868d09308b4618f766f135a96\\objenesis-2.1.jar;C:\\Users\\ShafaNAS\\.gradle\\caches\\modules-2\\files-2.1\\com.vaadin.external.google\\android-json\\0.0.20131108.vaadin1\\fa26d351fe62a6a17f5cda1287c1c6110dec413f\\android-json-0.0.20131108.vaadin1.jar;C:\\Users\\ShafaNAS\\.gradle\\caches\\modules-2\\files-2.1\\net.minidev\\accessors-smart\\1.1\\a527213f2fea112a04c9bdf0ec0264e34104cd08\\accessors-smart-1.1.jar;C:\\Users\\ShafaNAS\\.gradle\\caches\\modules-2\\files-2.1\\org.ow2.asm\\asm\\5.0.3\\dcc2193db20e19e1feca8b1240dbbc4e190824fa\\asm-5.0.3.jar;C:\\Users\\ShafaNAS\\.gradle\\caches\\modules-2\\files-2.1\\ch.qos.logback\\logback-core\\1.1.11\\88b8df40340eed549fb07e2613879bf6b006704d\\logback-core-1.1.11.jar, java.vm.vendor=Oracle Corporation, sun.arch.data.model=64, user.variant=, java.vendor.url=http://java.oracle.com/, user.timezone=America/New_York, os.name=Windows 10, java.vm.specification.version=9, user.country=US, sun.java.launcher=SUN_STANDARD, sun.boot.library.path=C:\Program Files\Java\jdk-9.0.4\bin, sun.java.command=worker.org.gradle.process.internal.worker.GradleWorkerMain 'Gradle Test Executor 2', jdk.debug=release, sun.cpu.endian=little, user.home=C:\Users\ShafaNAS, user.language=en, java.specification.vendor=Oracle Corporation, org.gradle.native=false, java.home=C:\Program Files\Java\jdk-9.0.4, file.separator=\, java.vm.compressedOopsMode=Zero based, line.separator=
, java.specification.name=Java Platform API Specification, java.vm.specification.vendor=Oracle Corporation, java.awt.graphicsenv=sun.awt.Win32GraphicsEnvironment, user.script=, sun.management.compiler=HotSpot 64-Bit Tiered Compilers, java.runtime.version=9.0.4+11, user.name=ShafaNAS, path.separator=;, os.version=10.0, java.runtime.name=Java(TM) SE Runtime Environment, file.encoding=windows-1252, java.vm.name=Java HotSpot(TM) 64-Bit Server VM, java.vendor.url.bug=http://bugreport.java.com/bugreport/, java.io.tmpdir=C:\Users\ShafaNAS\AppData\Local\Temp\, java.version=9.0.4, user.dir=J:\gs-rest-service\complete, os.arch=amd64, java.vm.specification.name=Java Virtual Machine Specification, java.awt.printerjob=sun.awt.windows.WPrinterJob, sun.os.patch.level=, java.library.path=C:\Program Files\Java\jdk-9.0.4\bin;C:\WINDOWS\Sun\Java\bin;C:\WINDOWS\system32;C:\WINDOWS;C:\Program Files\Docker\Docker\Resources\bin;C:\ProgramData\Oracle\Java\javapath;C:\WINDOWS\system32;C:\WINDOWS;C:\WINDOWS\System32\Wbem;C:\WINDOWS\System32\WindowsPowerShell\v1.0\;C:\WINDOWS\system32\config\systemprofile\.dnx\bin;C:\Program Files\Microsoft DNX\Dnvm\;C:\Program Files\Microsoft SQL Server\130\Tools\Binn\;C:\Program Files\Git\cmd;C:\Program Files (x86)\Windows Kits\8.1\Windows Performance Toolkit\;C:\Program Files\Microsoft\Web Platform Installer\;C:\Users\ShafaNAS\AppData\Local\Microsoft\WindowsApps;C:\Program Files\Java\jre-9.0.4\bin;J:\gradle\bin;;., java.vm.info=mixed mode, java.vendor=Oracle Corporation, java.vm.version=9.0.4+11, sun.io.unicode.encoding=UnicodeLittle, java.class.version=53.0}}, SystemEnvironmentPropertySource@2077899197 {name='systemEnvironment', properties={USERDOMAIN_ROAMINGPROFILE=SHAFANAS-PC, PROCESSOR_LEVEL=6, VS140COMNTOOLS=C:\Program Files (x86)\Microsoft Visual Studio 14.0\Common7\Tools\, =ExitCodeAscii=}, SESSIONNAME=Console, ALLUSERSPROFILE=C:\ProgramData, PROCESSOR_ARCHITECTURE=AMD64, PSModulePath=C:\Program Files\WindowsPowerShell\Modules;C:\WINDOWS\system32\WindowsPowerShell\v1.0\Modules;C:\Program Files (x86)\AWS Tools\PowerShell\, SystemDrive=C:, =ExitCode=0000007D, DIRNAME=J:\gradle\bin\, USERNAME=ShafaNAS, CMD_LINE_ARGS=build docker, ProgramFiles(x86)=C:\Program Files (x86), APP_HOME=J:\gradle\bin\.., PATHEXT=.COM;.EXE;.BAT;.CMD;.VBS;.VBE;.JS;.JSE;.WSF;.WSH;.MSC, =J:=J:\Java Programming spring boot docker\complete, ProgramData=C:\ProgramData, ProgramW6432=C:\Program Files, HOMEPATH=\Users\ShafaNAS, PROCESSOR_IDENTIFIER=Intel64 Family 6 Model 42 Stepping 7, GenuineIntel, ProgramFiles=C:\Program Files, PUBLIC=C:\Users\Public, windir=C:\WINDOWS, =::=::\, _SKIP=2, LOCALAPPDATA=C:\Users\ShafaNAS\AppData\Local, USERDOMAIN=SHAFANAS-PC, LOGONSERVER=\\SHAFANAS-PC, JAVA_HOME=C:\Program Files\Java\jdk-9.0.4, PROMPT=$P$G, OneDrive=C:\Users\ShafaNAS\OneDrive, =C:=C:\Users\ShafaNAS, APPDATA=C:\Users\ShafaNAS\AppData\Roaming, JAVA_EXE=C:\Program Files\Java\jdk-9.0.4/bin/java.exe, VBOX_MSI_INSTALL_PATH=C:\Program Files\Oracle\VirtualBox\, CommonProgramFiles=C:\Program Files\Common Files, Path=C:\Program Files\Docker\Docker\Resources\bin;C:\ProgramData\Oracle\Java\javapath;C:\WINDOWS\system32;C:\WINDOWS;C:\WINDOWS\System32\Wbem;C:\WINDOWS\System32\WindowsPowerShell\v1.0\;C:\WINDOWS\system32\config\systemprofile\.dnx\bin;C:\Program Files\Microsoft DNX\Dnvm\;C:\Program Files\Microsoft SQL Server\130\Tools\Binn\;C:\Program Files\Git\cmd;C:\Program Files (x86)\Windows Kits\8.1\Windows Performance Toolkit\;C:\Program Files\Microsoft\Web Platform Installer\;C:\Users\ShafaNAS\AppData\Local\Microsoft\WindowsApps;C:\Program Files\Java\jre-9.0.4\bin;J:\gradle\bin;, OS=Windows_NT, COMPUTERNAME=SHAFANAS-PC, PROCESSOR_REVISION=2a07, CLASSPATH=J:\gradle\bin\..\lib\gradle-launcher-4.5.1.jar, CommonProgramW6432=C:\Program Files\Common Files, ComSpec=C:\WINDOWS\system32\cmd.exe, APP_BASE_NAME=gradle, SystemRoot=C:\WINDOWS, TEMP=C:\Users\ShafaNAS\AppData\Local\Temp, HOMEDRIVE=C:, USERPROFILE=C:\Users\ShafaNAS, TMP=C:\Users\ShafaNAS\AppData\Local\Temp, CommonProgramFiles(x86)=C:\Program Files (x86)\Common Files, NUMBER_OF_PROCESSORS=4}}]
20:13:39.207 [Test worker] DEBUG org.springframework.core.io.support.PathMatchingResourcePatternResolver - Resolved classpath location [hello/] to resources [URL [file:/J:/gs-rest-service/complete/build/classes/java/test/hello/], URL [file:/J:/gs-rest-service/complete/build/classes/java/main/hello/]]
20:13:39.208 [Test worker] DEBUG org.springframework.core.io.support.PathMatchingResourcePatternResolver - Looking for matching resources in directory tree [J:\gs-rest-service\complete\build\classes\java\test\hello]
20:13:39.208 [Test worker] DEBUG org.springframework.core.io.support.PathMatchingResourcePatternResolver - Searching directory [J:\gs-rest-service\complete\build\classes\java\test\hello] for files matching pattern [J:/gs-rest-service/complete/build/classes/java/test/hello/*.class]
20:13:39.211 [Test worker] DEBUG org.springframework.core.io.support.PathMatchingResourcePatternResolver - Looking for matching resources in directory tree [J:\gs-rest-service\complete\build\classes\java\main\hello]
20:13:39.211 [Test worker] DEBUG org.springframework.core.io.support.PathMatchingResourcePatternResolver - Searching directory [J:\gs-rest-service\complete\build\classes\java\main\hello] for files matching pattern [J:/gs-rest-service/complete/build/classes/java/main/hello/*.class]
20:13:39.212 [Test worker] DEBUG org.springframework.core.io.support.PathMatchingResourcePatternResolver - Resolved location pattern [classpath*:hello/*.class] to resources [file [J:\gs-rest-service\complete\build\classes\java\test\hello\GreetingControllerTests.class], file [J:\gs-rest-service\complete\build\classes\java\main\hello\Application.class], file [J:\gs-rest-service\complete\build\classes\java\main\hello\Greeting.class], file [J:\gs-rest-service\complete\build\classes\java\main\hello\GreetingController.class]]
20:13:39.263 [Test worker] DEBUG org.springframework.context.annotation.ClassPathScanningCandidateComponentProvider - Identified candidate component class: file [J:\gs-rest-service\complete\build\classes\java\main\hello\Application.class]
20:13:39.272 [Test worker] INFO org.springframework.boot.test.context.SpringBootTestContextBootstrapper - Found @SpringBootConfiguration hello.Application for test class hello.GreetingControllerTests
20:13:39.275 [Test worker] DEBUG org.springframework.boot.test.context.SpringBootTestContextBootstrapper - @TestExecutionListeners is not present for class [hello.GreetingControllerTests]: using defaults.
20:13:39.279 [Test worker] INFO org.springframework.boot.test.context.SpringBootTestContextBootstrapper - Loaded default TestExecutionListener class names from location [META-INF/spring.factories]: [org.springframework.boot.test.autoconfigure.restdocs.RestDocsTestExecutionListener, org.springframework.boot.test.autoconfigure.web.client.MockRestServiceServerResetTestExecutionListener, org.springframework.boot.test.autoconfigure.web.servlet.MockMvcPrintOnlyOnFailureTestExecutionListener, org.springframework.boot.test.autoconfigure.web.servlet.WebDriverTestExecutionListener, org.springframework.boot.test.mock.mockito.MockitoTestExecutionListener, org.springframework.boot.test.mock.mockito.ResetMocksTestExecutionListener, org.springframework.test.context.web.ServletTestExecutionListener, org.springframework.test.context.support.DirtiesContextBeforeModesTestExecutionListener, org.springframework.test.context.support.DependencyInjectionTestExecutionListener, org.springframework.test.context.support.DirtiesContextTestExecutionListener, org.springframework.test.context.transaction.TransactionalTestExecutionListener, org.springframework.test.context.jdbc.SqlScriptsTestExecutionListener]
20:13:39.293 [Test worker] DEBUG org.springframework.boot.test.context.SpringBootTestContextBootstrapper - Could not instantiate TestExecutionListener [org.springframework.test.context.transaction.TransactionalTestExecutionListener]. Specify custom listener classes or make the default listener classes (and their required dependencies) available. Offending class: [org/springframework/transaction/interceptor/TransactionAttributeSource]
20:13:39.294 [Test worker] DEBUG org.springframework.boot.test.context.SpringBootTestContextBootstrapper - Could not instantiate TestExecutionListener [org.springframework.test.context.jdbc.SqlScriptsTestExecutionListener]. Specify custom listener classes or make the default listener classes (and their required dependencies) available. Offending class: [org/springframework/transaction/interceptor/TransactionAttribute]
20:13:39.294 [Test worker] INFO org.springframework.boot.test.context.SpringBootTestContextBootstrapper - Using TestExecutionListeners: [org.springframework.test.context.web.ServletTestExecutionListener@3825db24, org.springframework.test.context.support.DirtiesContextBeforeModesTestExecutionListener@30dbb5f4, org.springframework.boot.test.autoconfigure.SpringBootDependencyInjectionTestExecutionListener@218dff36, org.springframework.test.context.support.DirtiesContextTestExecutionListener@53076086, org.springframework.boot.test.autoconfigure.restdocs.RestDocsTestExecutionListener@45ed7d39, org.springframework.boot.test.autoconfigure.web.client.MockRestServiceServerResetTestExecutionListener@28740465, org.springframework.boot.test.autoconfigure.web.servlet.MockMvcPrintOnlyOnFailureTestExecutionListener@664e3a12, org.springframework.boot.test.autoconfigure.web.servlet.WebDriverTestExecutionListener@ea5650d, org.springframework.boot.test.mock.mockito.MockitoTestExecutionListener@200fc555, org.springframework.boot.test.mock.mockito.ResetMocksTestExecutionListener@28d0ba1d]
20:13:39.297 [Test worker] DEBUG org.springframework.test.annotation.ProfileValueUtils - Retrieved @ProfileValueSourceConfiguration [null] for test class [hello.GreetingControllerTests]
20:13:39.298 [Test worker] DEBUG org.springframework.test.annotation.ProfileValueUtils - Retrieved ProfileValueSource type [class org.springframework.test.annotation.SystemProfileValueSource] for class [hello.GreetingControllerTests]
20:13:39.299 [Test worker] DEBUG org.springframework.test.annotation.ProfileValueUtils - Retrieved @ProfileValueSourceConfiguration [null] for test class [hello.GreetingControllerTests]
20:13:39.299 [Test worker] DEBUG org.springframework.test.annotation.ProfileValueUtils - Retrieved ProfileValueSource type [class org.springframework.test.annotation.SystemProfileValueSource] for class [hello.GreetingControllerTests]
20:13:39.304 [Test worker] DEBUG org.springframework.test.context.support.AbstractDirtiesContextTestExecutionListener - Before test class: context [DefaultTestContext@29dba7a2 testClass = GreetingControllerTests, testInstance = [null], testMethod = [null], testException = [null], mergedContextConfiguration = [WebMergedContextConfiguration@3a1ae73c testClass = GreetingControllerTests, locations = '{}', classes = '{class hello.Application}', contextInitializerClasses = '[]', activeProfiles = '{}', propertySourceLocations = '{}', propertySourceProperties = '{org.springframework.boot.test.context.SpringBootTestContextBootstrapper=true}', contextCustomizers = set[org.springframework.boot.test.autoconfigure.properties.PropertyMappingContextCustomizer@e7e8512, org.springframework.boot.test.autoconfigure.web.servlet.WebDriverContextCustomizerFactory$Customizer@3695fd1c, [ImportsContextCustomizer@24f0ead2 key = [org.springframework.boot.test.autoconfigure.web.servlet.MockMvcAutoConfiguration, org.springframework.boot.test.autoconfigure.web.servlet.MockMvcSecurityAutoConfiguration, org.springframework.boot.test.autoconfigure.web.servlet.MockMvcWebClientAutoConfiguration, org.springframework.boot.test.autoconfigure.web.servlet.MockMvcWebDriverAutoConfiguration]], org.springframework.boot.test.context.SpringBootTestContextCustomizer@73b6cb1b, org.springframework.boot.test.context.filter.ExcludeFilterContextCustomizer@3cbcd51d, org.springframework.boot.test.json.DuplicateJsonObjectContextCustomizerFactory$DuplicateJsonObjectContextCustomizer@2480a9e9, org.springframework.boot.test.mock.mockito.MockitoContextCustomizer@0], resourceBasePath = 'src/main/webapp', contextLoader = 'org.springframework.boot.test.context.SpringBootContextLoader', parent = [null]]], class annotated with @DirtiesContext [false] with mode [null].
20:13:39.305 [Test worker] DEBUG org.springframework.test.annotation.ProfileValueUtils - Retrieved @ProfileValueSourceConfiguration [null] for test class [hello.GreetingControllerTests]
20:13:39.306 [Test worker] DEBUG org.springframework.test.annotation.ProfileValueUtils - Retrieved ProfileValueSource type [class org.springframework.test.annotation.SystemProfileValueSource] for class [hello.GreetingControllerTests]
20:13:39.371 [Test worker] DEBUG org.springframework.core.env.StandardEnvironment - Adding PropertySource 'systemProperties' with lowest search precedence
20:13:39.371 [Test worker] DEBUG org.springframework.core.env.StandardEnvironment - Adding PropertySource 'systemEnvironment' with lowest search precedence
20:13:39.372 [Test worker] DEBUG org.springframework.core.env.StandardEnvironment - Initialized StandardEnvironment with PropertySources [MapPropertySource@1059815511 {name='systemProperties', properties={sun.desktop=windows, awt.toolkit=sun.awt.windows.WToolkit, java.specification.version=9, file.encoding.pkg=sun.io, sun.cpu.isalist=amd64, sun.jnu.encoding=Cp1252, org.gradle.test.worker=2, java.class.path=C:\\Users\\ShafaNAS\\.gradle\\caches\\4.5.1\\workerMain\\gradle-worker.jar;J:\\gs-rest-service\\complete\\build\\classes\\java\\test;J:\\gs-rest-service\\complete\\build\\resources\\test;J:\\gs-rest-service\\complete\\build\\classes\\java\\main;J:\\gs-rest-service\\complete\\build\\resources\\main;C:\\Users\\ShafaNAS\\.gradle\\caches\\modules-2\\files-2.1\\org.springframework.boot\\spring-boot-starter-web\\1.5.10.RELEASE\\8bc445f3ee81e5322e46b28cbb33bca1800b69d9\\spring-boot-starter-web-1.5.10.RELEASE.jar;C:\\Users\\ShafaNAS\\.gradle\\caches\\modules-2\\files-2.1\\org.springframework.boot\\spring-boot-starter-tomcat\\1.5.10.RELEASE\\11e474e265f1c68fc435dddbac42ab3574b5e4b6\\spring-boot-starter-tomcat-1.5.10.RELEASE.jar;C:\\Users\\ShafaNAS\\.gradle\\caches\\modules-2\\files-2.1\\org.springframework.boot\\spring-boot-starter-test\\1.5.10.RELEASE\\d4e1be51061d71b55f4bd4458d8437d1b943a70\\spring-boot-starter-test-1.5.10.RELEASE.jar;C:\\Users\\ShafaNAS\\.gradle\\caches\\modules-2\\files-2.1\\com.jayway.jsonpath\\json-path\\2.2.0\\22290d17944bd239fabf5ac69005a60a7ecbbbcb\\json-path-2.2.0.jar;C:\\Users\\ShafaNAS\\.gradle\\caches\\modules-2\\files-2.1\\org.springframework.boot\\spring-boot-starter\\1.5.10.RELEASE\\d935ac98f84c1d97d7ccd702d21abdc236fa7aa0\\spring-boot-starter-1.5.10.RELEASE.jar;C:\\Users\\ShafaNAS\\.gradle\\caches\\modules-2\\files-2.1\\org.hibernate\\hibernate-validator\\5.3.6.Final\\4c730be8bf55a8e9a61e79a2f2c079abf48b718\\hibernate-validator-5.3.6.Final.jar;C:\\Users\\ShafaNAS\\.gradle\\caches\\modules-2\\files-2.1\\com.fasterxml.jackson.core\\jackson-databind\\2.8.10\\f7b83cb2bc4b88d53961e749e1ad32f49ef017b7\\jackson-databind-2.8.10.jar;C:\\Users\\ShafaNAS\\.gradle\\caches\\modules-2\\files-2.1\\org.springframework\\spring-webmvc\\4.3.14.RELEASE\\1571eab8a807005d424ca16fedd54b1f439787b2\\spring-webmvc-4.3.14.RELEASE.jar;C:\\Users\\ShafaNAS\\.gradle\\caches\\modules-2\\files-2.1\\org.springframework\\spring-web\\4.3.14.RELEASE\\a0c3bf3ad661db185675bd5af350f35ed11f0903\\spring-web-4.3.14.RELEASE.jar;C:\\Users\\ShafaNAS\\.gradle\\caches\\modules-2\\files-2.1\\org.apache.tomcat.embed\\tomcat-embed-websocket\\8.5.27\\3cba1c5187a17b0233de5712024d6e144036ba9a\\tomcat-embed-websocket-8.5.27.jar;C:\\Users\\ShafaNAS\\.gradle\\caches\\modules-2\\files-2.1\\org.apache.tomcat.embed\\tomcat-embed-core\\8.5.27\\a10612f0af27c7bfcc4e8d88393adad1fc5b4ece\\tomcat-embed-core-8.5.27.jar;C:\\Users\\ShafaNAS\\.gradle\\caches\\modules-2\\files-2.1\\org.apache.tomcat.embed\\tomcat-embed-el\\8.5.27\\5a591bcf5c930d2b37bb40c0f95180604a3b1a57\\tomcat-embed-el-8.5.27.jar;C:\\Users\\ShafaNAS\\.gradle\\caches\\modules-2\\files-2.1\\org.springframework.boot\\spring-boot-test-autoconfigure\\1.5.10.RELEASE\\55242f7c194fb141de8460a92e92b716469fc3a8\\spring-boot-test-autoconfigure-1.5.10.RELEASE.jar;C:\\Users\\ShafaNAS\\.gradle\\caches\\modules-2\\files-2.1\\org.springframework.boot\\spring-boot-test\\1.5.10.RELEASE\\b7f28e8896906f0bbbb951727a7c5581c562d1c9\\spring-boot-test-1.5.10.RELEASE.jar;C:\\Users\\ShafaNAS\\.gradle\\caches\\modules-2\\files-2.1\\junit\\junit\\4.12\\2973d150c0dc1fefe998f834810d68f278ea58ec\\junit-4.12.jar;C:\\Users\\ShafaNAS\\.gradle\\caches\\modules-2\\files-2.1\\org.assertj\\assertj-core\\2.6.0\\b532c3fc4f66bcfee4989a3514f1cd56203a33ad\\assertj-core-2.6.0.jar;C:\\Users\\ShafaNAS\\.gradle\\caches\\modules-2\\files-2.1\\org.mockito\\mockito-core\\1.10.19\\e8546f5bef4e061d8dd73895b4e8f40e3fe6effe\\mockito-core-1.10.19.jar;C:\\Users\\ShafaNAS\\.gradle\\caches\\modules-2\\files-2.1\\org.hamcrest\\hamcrest-library\\1.3\\4785a3c21320980282f9f33d0d1264a69040538f\\hamcrest-library-1.3.jar;C:\\Users\\ShafaNAS\\.gradle\\caches\\modules-2\\files-2.1\\org.hamcrest\\hamcrest-core\\1.3\\42a25dc3219429f0e5d060061f71acb49bf010a0\\hamcrest-core-1.3.jar;C:\\Users\\ShafaNAS\\.gradle\\caches\\modules-2\\files-2.1\\org.skyscreamer\\jsonassert\\1.4.0\\9cdbb373a06f6513e51e8c545ee6a5e981463edb\\jsonassert-1.4.0.jar;C:\\Users\\ShafaNAS\\.gradle\\caches\\modules-2\\files-2.1\\org.springframework\\spring-test\\4.3.14.RELEASE\\1a7f6f51a263a3e09e94403653348b3864412c53\\spring-test-4.3.14.RELEASE.jar;C:\\Users\\ShafaNAS\\.gradle\\caches\\modules-2\\files-2.1\\org.springframework.boot\\spring-boot-autoconfigure\\1.5.10.RELEASE\\be96efab0d35181f18c486b0ec8d6a41a7042fce\\spring-boot-autoconfigure-1.5.10.RELEASE.jar;C:\\Users\\ShafaNAS\\.gradle\\caches\\modules-2\\files-2.1\\org.springframework.boot\\spring-boot\\1.5.10.RELEASE\\594b3efa04829f62754a19f59f81ba204636167a\\spring-boot-1.5.10.RELEASE.jar;C:\\Users\\ShafaNAS\\.gradle\\caches\\modules-2\\files-2.1\\org.springframework\\spring-context\\4.3.14.RELEASE\\e50a712960926c30e537ef4a633f5d9dd5a8b155\\spring-context-4.3.14.RELEASE.jar;C:\\Users\\ShafaNAS\\.gradle\\caches\\modules-2\\files-2.1\\org.springframework\\spring-aop\\4.3.14.RELEASE\\dfe55b0592aead8e3eb0e6a4e98db433b9e09bd7\\spring-aop-4.3.14.RELEASE.jar;C:\\Users\\ShafaNAS\\.gradle\\caches\\modules-2\\files-2.1\\org.springframework\\spring-beans\\4.3.14.RELEASE\\7bcd17a68dd64e9447d7bff2c42ba7417678596e\\spring-beans-4.3.14.RELEASE.jar;C:\\Users\\ShafaNAS\\.gradle\\caches\\modules-2\\files-2.1\\org.springframework\\spring-expression\\4.3.14.RELEASE\\58477b44debcb49b09e962e3047ee74c2c033e89\\spring-expression-4.3.14.RELEASE.jar;C:\\Users\\ShafaNAS\\.gradle\\caches\\modules-2\\files-2.1\\org.springframework\\spring-core\\4.3.14.RELEASE\\c70ddb6204457a802d1f6882d65bca3e5b3c41df\\spring-core-4.3.14.RELEASE.jar;C:\\Users\\ShafaNAS\\.gradle\\caches\\modules-2\\files-2.1\\net.minidev\\json-smart\\2.2.1\\5b9e5df7a62d1279b70dc882b041d249c4f0b002\\json-smart-2.2.1.jar;C:\\Users\\ShafaNAS\\.gradle\\caches\\modules-2\\files-2.1\\org.springframework.boot\\spring-boot-starter-logging\\1.5.10.RELEASE\\62c73688208b3173645d6701fc3eb95ca657e6c8\\spring-boot-starter-logging-1.5.10.RELEASE.jar;C:\\Users\\ShafaNAS\\.gradle\\caches\\modules-2\\files-2.1\\ch.qos.logback\\logback-classic\\1.1.11\\ccedfbacef4a6515d2983e3f89ed753d5d4fb665\\logback-classic-1.1.11.jar;C:\\Users\\ShafaNAS\\.gradle\\caches\\modules-2\\files-2.1\\org.slf4j\\jcl-over-slf4j\\1.7.25\\f8c32b13ff142a513eeb5b6330b1588dcb2c0461\\jcl-over-slf4j-1.7.25.jar;C:\\Users\\ShafaNAS\\.gradle\\caches\\modules-2\\files-2.1\\org.slf4j\\jul-to-slf4j\\1.7.25\\af5364cd6679bfffb114f0dec8a157aaa283b76\\jul-to-slf4j-1.7.25.jar;C:\\Users\\ShafaNAS\\.gradle\\caches\\modules-2\\files-2.1\\org.slf4j\\log4j-over-slf4j\\1.7.25\\a87bb47468f47ee7aabbd54f93e133d4215769c3\\log4j-over-slf4j-1.7.25.jar;C:\\Users\\ShafaNAS\\.gradle\\caches\\modules-2\\files-2.1\\org.slf4j\\slf4j-api\\1.7.25\\da76ca59f6a57ee3102f8f9bd9cee742973efa8a\\slf4j-api-1.7.25.jar;C:\\Users\\ShafaNAS\\.gradle\\caches\\modules-2\\files-2.1\\org.yaml\\snakeyaml\\1.17\\7a27ea250c5130b2922b86dea63cbb1cc10a660c\\snakeyaml-1.17.jar;C:\\Users\\ShafaNAS\\.gradle\\caches\\modules-2\\files-2.1\\javax.validation\\validation-api\\1.1.0.Final\\8613ae82954779d518631e05daa73a6a954817d5\\validation-api-1.1.0.Final.jar;C:\\Users\\ShafaNAS\\.gradle\\caches\\modules-2\\files-2.1\\org.jboss.logging\\jboss-logging\\3.3.1.Final\\c46217ab74b532568c0ed31dc599db3048bd1b67\\jboss-logging-3.3.1.Final.jar;C:\\Users\\ShafaNAS\\.gradle\\caches\\modules-2\\files-2.1\\com.fasterxml\\classmate\\1.3.4\\3d5f48f10bbe4eb7bd862f10c0583be2e0053c6\\classmate-1.3.4.jar;C:\\Users\\ShafaNAS\\.gradle\\caches\\modules-2\\files-2.1\\com.fasterxml.jackson.core\\jackson-annotations\\2.8.0\\45b426f7796b741035581a176744d91090e2e6fb\\jackson-annotations-2.8.0.jar;C:\\Users\\ShafaNAS\\.gradle\\caches\\modules-2\\files-2.1\\com.fasterxml.jackson.core\\jackson-core\\2.8.10\\eb21a035c66ad307e66ec8fce37f5d50fd62d039\\jackson-core-2.8.10.jar;C:\\Users\\ShafaNAS\\.gradle\\caches\\modules-2\\files-2.1\\org.apache.tomcat\\tomcat-annotations-api\\8.5.27\\122c0a4acaba72bf4590e83c9fbcb3475c46edc5\\tomcat-annotations-api-8.5.27.jar;C:\\Users\\ShafaNAS\\.gradle\\caches\\modules-2\\files-2.1\\org.objenesis\\objenesis\\2.1\\87c0ea803b69252868d09308b4618f766f135a96\\objenesis-2.1.jar;C:\\Users\\ShafaNAS\\.gradle\\caches\\modules-2\\files-2.1\\com.vaadin.external.google\\android-json\\0.0.20131108.vaadin1\\fa26d351fe62a6a17f5cda1287c1c6110dec413f\\android-json-0.0.20131108.vaadin1.jar;C:\\Users\\ShafaNAS\\.gradle\\caches\\modules-2\\files-2.1\\net.minidev\\accessors-smart\\1.1\\a527213f2fea112a04c9bdf0ec0264e34104cd08\\accessors-smart-1.1.jar;C:\\Users\\ShafaNAS\\.gradle\\caches\\modules-2\\files-2.1\\org.ow2.asm\\asm\\5.0.3\\dcc2193db20e19e1feca8b1240dbbc4e190824fa\\asm-5.0.3.jar;C:\\Users\\ShafaNAS\\.gradle\\caches\\modules-2\\files-2.1\\ch.qos.logback\\logback-core\\1.1.11\\88b8df40340eed549fb07e2613879bf6b006704d\\logback-core-1.1.11.jar, java.vm.vendor=Oracle Corporation, sun.arch.data.model=64, user.variant=, java.vendor.url=http://java.oracle.com/, user.timezone=America/New_York, os.name=Windows 10, java.vm.specification.version=9, user.country=US, sun.java.launcher=SUN_STANDARD, sun.boot.library.path=C:\Program Files\Java\jdk-9.0.4\bin, sun.java.command=worker.org.gradle.process.internal.worker.GradleWorkerMain 'Gradle Test Executor 2', jdk.debug=release, sun.cpu.endian=little, user.home=C:\Users\ShafaNAS, user.language=en, java.specification.vendor=Oracle Corporation, org.gradle.native=false, java.home=C:\Program Files\Java\jdk-9.0.4, file.separator=\, java.vm.compressedOopsMode=Zero based, line.separator=
, java.specification.name=Java Platform API Specification, java.vm.specification.vendor=Oracle Corporation, java.awt.graphicsenv=sun.awt.Win32GraphicsEnvironment, user.script=, sun.management.compiler=HotSpot 64-Bit Tiered Compilers, java.runtime.version=9.0.4+11, user.name=ShafaNAS, path.separator=;, os.version=10.0, java.runtime.name=Java(TM) SE Runtime Environment, file.encoding=windows-1252, java.vm.name=Java HotSpot(TM) 64-Bit Server VM, java.vendor.url.bug=http://bugreport.java.com/bugreport/, java.io.tmpdir=C:\Users\ShafaNAS\AppData\Local\Temp\, java.version=9.0.4, user.dir=J:\gs-rest-service\complete, os.arch=amd64, java.vm.specification.name=Java Virtual Machine Specification, java.awt.printerjob=sun.awt.windows.WPrinterJob, sun.os.patch.level=, java.library.path=C:\Program Files\Java\jdk-9.0.4\bin;C:\WINDOWS\Sun\Java\bin;C:\WINDOWS\system32;C:\WINDOWS;C:\Program Files\Docker\Docker\Resources\bin;C:\ProgramData\Oracle\Java\javapath;C:\WINDOWS\system32;C:\WINDOWS;C:\WINDOWS\System32\Wbem;C:\WINDOWS\System32\WindowsPowerShell\v1.0\;C:\WINDOWS\system32\config\systemprofile\.dnx\bin;C:\Program Files\Microsoft DNX\Dnvm\;C:\Program Files\Microsoft SQL Server\130\Tools\Binn\;C:\Program Files\Git\cmd;C:\Program Files (x86)\Windows Kits\8.1\Windows Performance Toolkit\;C:\Program Files\Microsoft\Web Platform Installer\;C:\Users\ShafaNAS\AppData\Local\Microsoft\WindowsApps;C:\Program Files\Java\jre-9.0.4\bin;J:\gradle\bin;;., java.vm.info=mixed mode, java.vendor=Oracle Corporation, java.vm.version=9.0.4+11, sun.io.unicode.encoding=UnicodeLittle, java.class.version=53.0}}, SystemEnvironmentPropertySource@579387577 {name='systemEnvironment', properties={USERDOMAIN_ROAMINGPROFILE=SHAFANAS-PC, PROCESSOR_LEVEL=6, VS140COMNTOOLS=C:\Program Files (x86)\Microsoft Visual Studio 14.0\Common7\Tools\, =ExitCodeAscii=}, SESSIONNAME=Console, ALLUSERSPROFILE=C:\ProgramData, PROCESSOR_ARCHITECTURE=AMD64, PSModulePath=C:\Program Files\WindowsPowerShell\Modules;C:\WINDOWS\system32\WindowsPowerShell\v1.0\Modules;C:\Program Files (x86)\AWS Tools\PowerShell\, SystemDrive=C:, =ExitCode=0000007D, DIRNAME=J:\gradle\bin\, USERNAME=ShafaNAS, CMD_LINE_ARGS=build docker, ProgramFiles(x86)=C:\Program Files (x86), APP_HOME=J:\gradle\bin\.., PATHEXT=.COM;.EXE;.BAT;.CMD;.VBS;.VBE;.JS;.JSE;.WSF;.WSH;.MSC, =J:=J:\Java Programming spring boot docker\complete, ProgramData=C:\ProgramData, ProgramW6432=C:\Program Files, HOMEPATH=\Users\ShafaNAS, PROCESSOR_IDENTIFIER=Intel64 Family 6 Model 42 Stepping 7, GenuineIntel, ProgramFiles=C:\Program Files, PUBLIC=C:\Users\Public, windir=C:\WINDOWS, =::=::\, _SKIP=2, LOCALAPPDATA=C:\Users\ShafaNAS\AppData\Local, USERDOMAIN=SHAFANAS-PC, LOGONSERVER=\\SHAFANAS-PC, JAVA_HOME=C:\Program Files\Java\jdk-9.0.4, PROMPT=$P$G, OneDrive=C:\Users\ShafaNAS\OneDrive, =C:=C:\Users\ShafaNAS, APPDATA=C:\Users\ShafaNAS\AppData\Roaming, JAVA_EXE=C:\Program Files\Java\jdk-9.0.4/bin/java.exe, VBOX_MSI_INSTALL_PATH=C:\Program Files\Oracle\VirtualBox\, CommonProgramFiles=C:\Program Files\Common Files, Path=C:\Program Files\Docker\Docker\Resources\bin;C:\ProgramData\Oracle\Java\javapath;C:\WINDOWS\system32;C:\WINDOWS;C:\WINDOWS\System32\Wbem;C:\WINDOWS\System32\WindowsPowerShell\v1.0\;C:\WINDOWS\system32\config\systemprofile\.dnx\bin;C:\Program Files\Microsoft DNX\Dnvm\;C:\Program Files\Microsoft SQL Server\130\Tools\Binn\;C:\Program Files\Git\cmd;C:\Program Files (x86)\Windows Kits\8.1\Windows Performance Toolkit\;C:\Program Files\Microsoft\Web Platform Installer\;C:\Users\ShafaNAS\AppData\Local\Microsoft\WindowsApps;C:\Program Files\Java\jre-9.0.4\bin;J:\gradle\bin;, OS=Windows_NT, COMPUTERNAME=SHAFANAS-PC, PROCESSOR_REVISION=2a07, CLASSPATH=J:\gradle\bin\..\lib\gradle-launcher-4.5.1.jar, CommonProgramW6432=C:\Program Files\Common Files, ComSpec=C:\WINDOWS\system32\cmd.exe, APP_BASE_NAME=gradle, SystemRoot=C:\WINDOWS, TEMP=C:\Users\ShafaNAS\AppData\Local\Temp, HOMEDRIVE=C:, USERPROFILE=C:\Users\ShafaNAS, TMP=C:\Users\ShafaNAS\AppData\Local\Temp, CommonProgramFiles(x86)=C:\Program Files (x86)\Common Files, NUMBER_OF_PROCESSORS=4}}]
20:13:39.375 [Test worker] DEBUG org.springframework.core.env.MutablePropertySources - Adding PropertySource 'inline' with highest search precedence
20:13:39.381 [Test worker] DEBUG org.springframework.test.context.support.TestPropertySourceUtils - Adding inlined properties to environment: {spring.jmx.enabled=false, org.springframework.boot.test.context.SpringBootTestContextBootstrapper=true, server.port=-1}
20:13:39.382 [Test worker] DEBUG org.springframework.core.env.StandardEnvironment - Adding PropertySource 'Inlined Test Properties' with highest search precedence

  .   ____          _            __ _ _
 /\\ / ___'_ __ _ _(_)_ __  __ _ \ \ \ \
( ( )\___ | '_ | '_| | '_ \/ _` | \ \ \ \
 \\/  ___)| |_)| | | | | || (_| |  ) ) ) )
  '  |____| .__|_| |_|_| |_\__, | / / / /
 =========|_|==============|___/=/_/_/_/
 :: Spring Boot ::       (v1.5.10.RELEASE)

2018-02-17 20:13:39.698  INFO 12788 --- [    Test worker] hello.GreetingControllerTests            : Starting GreetingControllerTests on ShafaNAS-PC with PID 12788 (started by ShafaNAS in J:\gs-rest-service\complete)
2018-02-17 20:13:39.699  INFO 12788 --- [    Test worker] hello.GreetingControllerTests            : No active profile set, falling back to default profiles: default
2018-02-17 20:13:39.724  INFO 12788 --- [    Test worker] o.s.w.c.s.GenericWebApplicationContext   : Refreshing org.springframework.web.context.support.GenericWebApplicationContext@364d4b88: startup date [Sat Feb 17 20:13:39 EST 2018]; root of context hierarchy
2018-02-17 20:13:41.315  INFO 12788 --- [    Test worker] o.s.b.t.m.w.SpringBootMockServletContext : Initializing Spring FrameworkServlet ''
2018-02-17 20:13:41.315  INFO 12788 --- [    Test worker] o.s.t.web.servlet.TestDispatcherServlet  : FrameworkServlet '': initialization started
2018-02-17 20:13:41.477  INFO 12788 --- [    Test worker] s.w.s.m.m.a.RequestMappingHandlerMapping : Mapped "{[/greeting]}" onto public hello.Greeting hello.GreetingController.greeting(java.lang.String)
2018-02-17 20:13:41.486  INFO 12788 --- [    Test worker] s.w.s.m.m.a.RequestMappingHandlerMapping : Mapped "{[/error]}" onto public org.springframework.http.ResponseEntity<java.util.Map<java.lang.String, java.lang.Object>> org.springframework.boot.autoconfigure.web.BasicErrorController.error(javax.servlet.http.HttpServletRequest)
2018-02-17 20:13:41.487  INFO 12788 --- [    Test worker] s.w.s.m.m.a.RequestMappingHandlerMapping : Mapped "{[/error],produces=[text/html]}" onto public org.springframework.web.servlet.ModelAndView org.springframework.boot.autoconfigure.web.BasicErrorController.errorHtml(javax.servlet.http.HttpServletRequest,javax.servlet.http.HttpServletResponse)
2018-02-17 20:13:41.533  INFO 12788 --- [    Test worker] o.s.w.s.handler.SimpleUrlHandlerMapping  : Mapped URL path [/webjars/**] onto handler of type [class org.springframework.web.servlet.resource.ResourceHttpRequestHandler]
2018-02-17 20:13:41.533  INFO 12788 --- [    Test worker] o.s.w.s.handler.SimpleUrlHandlerMapping  : Mapped URL path [/**] onto handler of type [class org.springframework.web.servlet.resource.ResourceHttpRequestHandler]
2018-02-17 20:13:41.557  INFO 12788 --- [    Test worker] o.s.w.s.handler.SimpleUrlHandlerMapping  : Mapped URL path [/**/favicon.ico] onto handler of type [class org.springframework.web.servlet.resource.ResourceHttpRequestHandler]
2018-02-17 20:13:41.804  INFO 12788 --- [    Test worker] s.w.s.m.m.a.RequestMappingHandlerAdapter : Looking for @ControllerAdvice: org.springframework.web.context.support.GenericWebApplicationContext@364d4b88: startup date [Sat Feb 17 20:13:39 EST 2018]; root of context hierarchy
2018-02-17 20:13:41.926  INFO 12788 --- [    Test worker] o.s.t.web.servlet.TestDispatcherServlet  : FrameworkServlet '': initialization completed in 611 ms
2018-02-17 20:13:42.167  INFO 12788 --- [    Test worker] hello.GreetingControllerTests            : Started GreetingControllerTests in 2.774 seconds (JVM running for 4.089)

MockHttpServletRequest:
      HTTP Method = GET
      Request URI = /greeting
       Parameters = {}
          Headers = {}

Handler:
             Type = hello.GreetingController
           Method = public hello.Greeting hello.GreetingController.greeting(java.lang.String)

Async:
    Async started = false
     Async result = null

Resolved Exception:
             Type = null

ModelAndView:
        View name = null
             View = null
            Model = null

FlashMap:
       Attributes = null

MockHttpServletResponse:
           Status = 200
    Error message = null
          Headers = {Content-Type=[application/json;charset=UTF-8]}
     Content type = application/json;charset=UTF-8
             Body = {"id":1,"content":"Hello, World!"}
    Forwarded URL = null
   Redirected URL = null
          Cookies = []

MockHttpServletRequest:
      HTTP Method = GET
      Request URI = /greeting
       Parameters = {name=[Spring Community]}
          Headers = {}

Handler:
             Type = hello.GreetingController
           Method = public hello.Greeting hello.GreetingController.greeting(java.lang.String)

Async:
    Async started = false
     Async result = null

Resolved Exception:
             Type = null

ModelAndView:
        View name = null
             View = null
            Model = null

FlashMap:
       Attributes = null

MockHttpServletResponse:
           Status = 200
    Error message = null
          Headers = {Content-Type=[application/json;charset=UTF-8]}
     Content type = application/json;charset=UTF-8
             Body = {"id":2,"content":"Hello, Spring Community!"}
    Forwarded URL = null
   Redirected URL = null
          Cookies = []
]]></system-out>
  <system-err><![CDATA[]]></system-err>
</testsuite>
